<?xml version="1.0" encoding="UTF-8"?>
<testng-results ignored="0" total="3" passed="3" failed="0" skipped="0">
  <reporter-output>
  </reporter-output>
  <suite started-at="2025-04-04T12:26:31 IST" name="Suite" finished-at="2025-04-04T12:26:52 IST" duration-ms="20694">
    <groups>
    </groups>
    <test started-at="2025-04-04T12:26:31 IST" name="Test" finished-at="2025-04-04T12:26:52 IST" duration-ms="20694">
      <class name="com.example.test.UserAdd">
        <test-method signature="userAdd()[pri:0, instance:com.example.test.UserAdd@28261e8e]" started-at="2025-04-04T12:26:42 IST" name="userAdd" finished-at="2025-04-04T12:26:49 IST" duration-ms="7246" status="PASS">
          <reporter-output>
          </reporter-output>
        </test-method> <!-- userAdd -->
      </class> <!-- com.example.test.UserAdd -->
      <class name="com.example.test.AddSegment">
        <test-method signature="addSegment()[pri:0, instance:com.example.test.AddSegment@53045c6c]" started-at="2025-04-04T12:26:31 IST" name="addSegment" finished-at="2025-04-04T12:26:42 IST" duration-ms="10896" status="PASS">
          <reporter-output>
          </reporter-output>
        </test-method> <!-- addSegment -->
      </class> <!-- com.example.test.AddSegment -->
      <class name="com.example.test.LaunchBrowser">
        <test-method signature="launchBrowser()[pri:0, instance:com.example.test.LaunchBrowser@d737b89]" started-at="2025-04-04T12:26:49 IST" name="launchBrowser" finished-at="2025-04-04T12:26:52 IST" duration-ms="2462" status="PASS">
          <reporter-output>
          </reporter-output>
        </test-method> <!-- launchBrowser -->
      </class> <!-- com.example.test.LaunchBrowser -->
    </test> <!-- Test -->
  </suite> <!-- Suite -->
</testng-results>
