<?xml version="1.0" encoding="UTF-8"?>
<!-- Generated by org.testng.reporters.JUnitXMLReporter -->
<testsuite ignored="0" hostname="DESKTOP-5D1PLOQ" failures="0" tests="3" name="Test" time="20.694" errors="0" timestamp="2025-04-04T12:26:52 IST">
  <testcase classname="com.example.test.AddSegment" name="addSegment" time="10.896"/>
  <testcase classname="com.example.test.UserAdd" name="userAdd" time="7.246"/>
  <testcase classname="com.example.test.LaunchBrowser" name="launchBrowser" time="2.462"/>
</testsuite> <!-- Test -->
