<?xml version="1.0" encoding="UTF-8"?>
<!-- Generated by org.testng.reporters.JUnitXMLReporter -->
<testsuite ignored="0" hostname="DESKTOP-5D1PLOQ" failures="0" tests="3" name="Test" time="23.653" errors="0" timestamp="2025-04-04T11:04:22 IST">
  <testcase classname="com.example.test.AddSegment" name="addSegment" time="12.878"/>
  <testcase classname="com.example.test.UserAdd" name="userAdd" time="7.189"/>
  <testcase classname="com.example.test.LaunchBrowser" name="launchBrowser" time="3.481"/>
</testsuite> <!-- Test -->
